                            latency            interval
transaction        0            1            1
transaction        1            1            1
transaction        2            1            1
transaction        3            1            1
transaction        4            1            1
transaction        5            1            1
transaction        6            1            1
transaction        7            1            1
transaction        8            1            1
transaction        9            1            1
transaction        10            1            1
transaction        11            1            1
transaction        12            1            1
transaction        13            1            1
transaction        14            1            1
transaction        15            1            1
transaction        16            1            1
transaction        17            1            1
transaction        18            1            1
transaction        19            1            1
transaction        20            1            1
transaction        21            1            1
transaction        22            1            1
transaction        23            1            1
transaction        24            1            1
transaction        25            1            1
transaction        26            1            1
transaction        27            1            1
transaction        28            1            1
transaction        29            1            1
transaction        30            1            1
transaction        31            1            1
transaction        32            1            -2147483648
